[20:07:34] [main/INFO]: Finished building data fixers after 15ms
[20:07:36] [main/INFO]: [STDOUT]: No global eula found at C:\Users\adity\eula.txt
[20:07:36] [main/INFO]: Environment: authHost='https://authserver.mojang.com', accountsHost='https://api.mojang.com', sessionHost='https://sessionserver.mojang.com', servicesHost='https://api.minecraftservices.com', name='PROD'
[20:07:36] [main/INFO]: Found new data pack file/bukkit, loading it automatically
[20:07:36] [main/INFO]: Reloading ResourceManager: Default, bukkit
[20:07:37] [Worker-Main-4/INFO]: Loaded 7 recipes
[20:07:39] [Server thread/INFO]: Starting minecraft server version 1.16.5
[20:07:39] [Server thread/INFO]: Loading properties
[20:07:39] [Server thread/INFO]: This server is running Yatopia version git-Yatopia-ver/1.16.5-108 (MC: 1.16.5) (Implementing API version 1.16.5-R0.1-SNAPSHOT)
[20:07:39] [Server thread/INFO]: Debug logging is disabled
[20:07:39] [Server thread/INFO]: Server Ping Player Sample Count: 12
[20:07:39] [Server thread/INFO]: Using 4 threads for Netty based IO
[20:07:39] [Server thread/INFO]: Default game type: SURVIVAL
[20:07:39] [Server thread/INFO]: Generating keypair
[20:07:39] [Server thread/INFO]: Starting Minecraft server on 0.0.0.0:25565
[20:07:40] [Server thread/INFO]: Using default channel type
[20:07:40] [Server thread/INFO]: Tuinity: Using Java 11 compression from Velocity.
[20:07:40] [Server thread/INFO]: Tuinity: Using Java cipher from Velocity.
[20:07:40] [Server thread/INFO]: Server permissions file permissions.yml is empty, ignoring it
[20:07:40] [Server thread/WARN]: **** SERVER IS RUNNING IN OFFLINE/INSECURE MODE!
[20:07:40] [Server thread/WARN]: The server will make no attempt to authenticate usernames. Beware.
[20:07:40] [Server thread/WARN]: While this makes the game possible to play without internet access, it also opens up the ability for hackers to connect with any username they choose.
[20:07:40] [Server thread/WARN]: To change this, set "online-mode" to "true" in the server.properties file.
[20:07:40] [Server thread/INFO]: Preparing level "world"
[20:07:43] [Server thread/WARN]: Unable to find spawn biome
[20:07:44] [Server thread/INFO]: Preparing start region for dimension minecraft:overworld
[20:07:44] [Server thread/INFO]: Loaded 0 spawn chunks for world world
[20:07:45] [Worker-Main-5/INFO]: Preparing spawn area: 0%
[20:07:45] [Worker-Main-4/INFO]: Preparing spawn area: 0%
[20:07:45] [Server thread/INFO]: Time elapsed: 636 ms
[20:07:45] [Server thread/INFO]: Preparing start region for dimension minecraft:the_end
[20:07:45] [Server thread/INFO]: Loaded 0 spawn chunks for world world_the_end
[20:07:45] [Worker-Main-5/INFO]: Preparing spawn area: 0%
[20:07:45] [Worker-Main-5/INFO]: Preparing spawn area: 0%
[20:07:45] [Server thread/INFO]: Time elapsed: 641 ms
[20:07:45] [Server thread/INFO]: Running delayed init tasks
[20:07:45] [Server thread/INFO]: Done (6.578s)! For help, type "help"
[20:07:45] [Server thread/INFO]: Timings Reset
